May-06 14:46:18.803 [main] DEBUG nextflow.cli.Launcher - $> nextflow run main.nf --obj SEAD_res0.5_dementia_subtype.rds --column broad_cell_type --species human --n_cells 50 --n_cores 32 --target input.txt -profile singularity -resume
May-06 14:46:18.900 [main] DEBUG nextflow.cli.CmdRun - N E X T F L O W  ~  version 24.10.5
May-06 14:46:18.931 [main] DEBUG nextflow.plugin.PluginsFacade - Setting up plugin manager > mode=prod; embedded=false; plugins-dir=/home/jamorim/.nextflow/plugins; core-plugins: nf-amazon@2.9.2,nf-azure@1.10.2,nf-cloudcache@0.4.2,nf-codecommit@0.2.2,nf-console@1.1.4,nf-google@1.15.4,nf-tower@1.9.3,nf-wave@1.7.4
May-06 14:46:18.963 [main] INFO  o.pf4j.DefaultPluginStatusProvider - Enabled plugins: []
May-06 14:46:18.965 [main] INFO  o.pf4j.DefaultPluginStatusProvider - Disabled plugins: []
May-06 14:46:18.969 [main] INFO  org.pf4j.DefaultPluginManager - PF4J version 3.12.0 in 'deployment' mode
May-06 14:46:18.986 [main] INFO  org.pf4j.AbstractPluginManager - No plugins
May-06 14:46:19.019 [main] DEBUG nextflow.config.ConfigBuilder - Found config home: /home/jamorim/.nextflow/config
May-06 14:46:19.025 [main] DEBUG nextflow.config.ConfigBuilder - Parsing config file: /home/jamorim/.nextflow/config
May-06 14:46:19.084 [main] DEBUG n.secret.LocalSecretsProvider - Secrets store: /home/jamorim/.nextflow/secrets/store.json
May-06 14:46:19.089 [main] DEBUG nextflow.secret.SecretsLoader - Discovered secrets providers: [nextflow.secret.LocalSecretsProvider@1654a892] - activable => nextflow.secret.LocalSecretsProvider@1654a892
May-06 14:46:19.115 [main] DEBUG nextflow.config.ConfigBuilder - Applying config profile: `singularity`
May-06 14:46:19.723 [main] DEBUG nextflow.config.ConfigBuilder - Available config profiles: []
May-06 14:46:19.735 [main] DEBUG nextflow.cli.Launcher - Operation aborted
nextflow.exception.AbortOperationException: Unknown configuration profile: 'singularity'
	at org.codehaus.groovy.vmplugin.v8.IndyInterface.fromCache(IndyInterface.java:321)
	at nextflow.config.ConfigBuilder.checkValidProfile(ConfigBuilder.groovy:514)
	at org.codehaus.groovy.vmplugin.v8.IndyInterface.fromCache(IndyInterface.java:321)
	at nextflow.config.ConfigBuilder.buildConfig0(ConfigBuilder.groovy:388)
	at org.codehaus.groovy.vmplugin.v8.IndyInterface.fromCache(IndyInterface.java:321)
	at nextflow.config.ConfigBuilder.buildGivenFiles(ConfigBuilder.groovy:320)
	at org.codehaus.groovy.vmplugin.v8.IndyInterface.fromCache(IndyInterface.java:321)
	at nextflow.config.ConfigBuilder.buildConfigObject(ConfigBuilder.groovy:818)
	at org.codehaus.groovy.vmplugin.v8.IndyInterface.fromCache(IndyInterface.java:321)
	at nextflow.config.ConfigBuilder.build(ConfigBuilder.groovy:831)
	at nextflow.cli.CmdRun.run(CmdRun.groovy:332)
	at nextflow.cli.Launcher.run(Launcher.groovy:503)
	at nextflow.cli.Launcher.main(Launcher.groovy:658)
